<?xml version="1.0" encoding="UTF-8"?>
<testng-results total="3" passed="3" failed="0" skipped="0">
  <reporter-output>
  </reporter-output>
  <suite started-at="2024-08-10T07:51:10Z" name="Default suite" finished-at="2024-08-10T07:51:17Z" duration-ms="6908">
    <groups>
    </groups>
    <test started-at="2024-08-10T07:51:10Z" name="Default test" finished-at="2024-08-10T07:51:17Z" duration-ms="6908">
      <class name="NewTest">
        <test-method is-config="true" signature="beforeTest()[pri:0, instance:NewTest@7fcf2fc1]" started-at="2024-08-10T15:51:10Z" name="beforeTest" finished-at="2024-08-10T15:51:11Z" duration-ms="825" status="PASS">
          <reporter-output>
          </reporter-output>
        </test-method> <!-- beforeTest -->
        <test-method signature="checkNavigationForAcrossPages()[pri:0, instance:NewTest@7fcf2fc1]" started-at="2024-08-10T15:51:11Z" name="checkNavigationForAcrossPages" finished-at="2024-08-10T15:51:16Z" duration-ms="5608" status="PASS">
          <reporter-output>
          </reporter-output>
        </test-method> <!-- checkNavigationForAcrossPages -->
        <test-method signature="checkTitle()[pri:0, instance:NewTest@7fcf2fc1]" started-at="2024-08-10T15:51:16Z" name="checkTitle" finished-at="2024-08-10T15:51:16Z" duration-ms="74" status="PASS">
          <reporter-output>
          </reporter-output>
        </test-method> <!-- checkTitle -->
        <test-method signature="findById()[pri:0, instance:NewTest@7fcf2fc1]" started-at="2024-08-10T15:51:16Z" name="findById" finished-at="2024-08-10T15:51:17Z" duration-ms="279" status="PASS">
          <reporter-output>
          </reporter-output>
        </test-method> <!-- findById -->
        <test-method is-config="true" signature="afterTest()[pri:0, instance:NewTest@7fcf2fc1]" started-at="2024-08-10T15:51:17Z" name="afterTest" finished-at="2024-08-10T15:51:17Z" duration-ms="110" status="PASS">
          <reporter-output>
          </reporter-output>
        </test-method> <!-- afterTest -->
      </class> <!-- NewTest -->
    </test> <!-- Default test -->
  </suite> <!-- Default suite -->
</testng-results>
